>>> print 2: number of repeats
Python command line: main.py example.txt 1 -2 
0
127
>>> print 2: number of repeats
Python command line: main.py example.txt 1 -2 
0
0
>>> print 1: repeats
Python command line: main.py example.txt 1 -1 
0
0
>>> Begin computation
Python command line: main.py example.txt -s 1 -1 
>>> print 1: repeats
0
0
>>> Begin computation
Python command line: main.py example.txt -s 1 -1 
>>> print 1: repeats
>>> Begin computation
Python command line: main.py example.txt -s 1 -1 
>>> print 1: repeats
>>> Begin computation
Python command line: main.py example.txt 1 -1 
>>> print 1: repeats
>>> Begin computation
Python command line: main.py example.txt 1 -1 
>>> print 1: repeats
>>> Begin computation
Python command line: main.py example.txt -2 -ps -s 1 
>>> print 2: type 2
>>> Begin computation
Python command line: main.py example.txt -2 -ps -s 1 
>>> print 2: type 2
>>> position and size
>>> Begin computation
Python command line: main.py example.txt -2 -ps -s 1 
>>> print 2: type 2
>>> position and size
>>> Begin computation
Python command line: main.py example.txt -2 -ps -s 1 
>>> print 2: type 2
>>> position and size
>>> Begin computation
Python command line: main.py example.txt -2 -ps -s 1 
>>> print 2: type 2
>>> Begin computation
Python command line: main.py example.txt -2 -ps -s 1 
>>> print 2: type 2
>>> position and size
>>> Begin computation
Python command line: main.py example.txt -2 -ps -s 1 
>>> print 2: type 2
>>> position and size
>>> Begin computation
Python command line: main.py example.txt -s 1 -2 -ps 
>>> print 2: type 2
>>> position and size
>>> Begin computation
Python command line: main.py example.txt -s 1 -2 -r 
>>> print 2: type 2
>>> repeats
>>> Begin computation
Python command line: main.py example.txt -s 1 -1 -r 
>>> print 1: type 1
>>> repeats
>>> Begin computation
Python command line: main.py example.txt -s 1 -1 -2 -r 
>>> print 1: type 1
>>> print 2: type 2
>>> repeats
>>> Begin computation
Python command line: main.py example.txt -s 1 -1 -2 -r 
>>> print 1: type 1
>>> print 2: type 2
>>> repeats
>>> Begin computation
Python command line: main.py example.txt -s 1 -1 -r 
>>> print 1: type 1
>>> repeats
>>> Begin computation
Python command line: main.py example.txt -s 1 -1 -2 -r 
>>> print 1: type 1
>>> print 2: type 2
>>> repeats
>>> Begin computation
Python command line: main.py example.txt -s 1 -1 -2 -r 
>>> print 1: type 1
>>> print 2: type 2
>>> repeats
>>> Begin computation
Python command line: main.py example.txt -s 1 -1 -2 -ps 
>>> print 1: type 1
>>> print 2: type 2
>>> position and size
>>> Begin computation
Python command line: main.py example.txt -s 1 -1 -2 -ps 
>>> print 1: type 1
>>> print 2: type 2
>>> position and size
>>> Begin computation
Python command line: main.py example.txt -s 1 -1 -2 -r 
>>> print 1: type 1
>>> print 2: type 2
>>> repeats
>>> Begin computation
Python command line: main.py example.txt -s 1 -1 -2 -r 
>>> print 1: type 1
>>> print 2: type 2
>>> repeats
>>> Begin computation
Python command line: main.py example.txt -s 1 -1 -2 -r 
>>> print 1: type 1
>>> print 2: type 2
>>> repeats
>>> Begin computation
Python command line: main.py example.txt -s 1 -1 -2 -r 
>>> print 1: type 1
>>> print 2: type 2
>>> repeats
>>> Begin computation
Python command line: main.py example.txt -s 1 -1 -2 -r 
>>> print 1: type 1
>>> print 2: type 2
>>> repeats
>>> Begin computation
Python command line: main.py example.txt -s 1 -1 -2 -r 
>>> print 1: type 1
>>> print 2: type 2
>>> repeats
>>> Begin computation
Python command line: main.py example.txt -s 1 -1 -2 -r 
>>> print 1: type 1
>>> print 2: type 2
>>> repeats
>>> Begin computation
Python command line: main.py example.txt -s 1 -1 -2 -r 
>>> print 1: type 1
>>> print 2: type 2
>>> repeats
>>> Begin computation
Python command line: main.py example.txt -s 1 -1 -2 -r 
>>> print 1: type 1
>>> print 2: type 2
>>> repeats
>>> Begin computation
Python command line: main.py example.txt -s 1 -1 -2 -r 
>>> print 1: type 1
>>> print 2: type 2
>>> repeats
>>> Begin computation
Python command line: main.py example.txt -s 1 -1 -2 -r 
>>> print 1: type 1
>>> print 2: type 2
>>> repeats
>>> Begin computation
Python command line: main.py example.txt -s 1 -1 -2 -r 
>>> print 1: type 1
>>> print 2: type 2
>>> repeats
>>> Begin computation
Python command line: main.py example.txt -s 1 -1 -2 -r 
>>> print 1: type 1
>>> print 2: type 2
>>> repeats
>>> Begin computation
Python command line: main.py example.txt -s 1 -1 -2 -r 
>>> print 1: type 1
>>> print 2: type 2
>>> repeats
>>> Begin computation
Python command line: main.py example.txt -s 1 -1 -2 -r 
>>> print 1: type 1
>>> print 2: type 2
>>> repeats
>>> Begin computation
Python command line: main.py example.txt -s 1 -1 -2 -r 
>>> print 1: type 1
>>> print 2: type 2
>>> repeats
>>> Begin computation
Python command line: main.py example.txt -s 1 -1 -2 -r 
>>> print 1: type 1
>>> print 2: type 2
>>> repeats
>>> Begin computation
Python command line: main.py example.txt -s 1 -1 -2 -r 
>>> print 1: type 1
>>> print 2: type 2
>>> repeats
>>> Begin computation
Python command line: main.py example.txt -s 1 -1 -2 -r 
>>> print 1: type 1
>>> print 2: type 2
>>> repeats
>>> Begin computation
Python command line: main.py example.txt -s 1 -1 -2 -r 
>>> print 1: type 1
>>> print 2: type 2
>>> repeats
>>> Begin computation
Python command line: main.py example.txt -s 1 -1 -2 -r 
>>> print 1: type 1
>>> print 2: type 2
>>> repeats
>>> Begin computation
Python command line: main.py example.txt -s 1 -1 -2 -r 
>>> print 1: type 1
>>> print 2: type 2
>>> repeats
>>> Begin computation
Python command line: main.py example.txt -s 1 -1 -2 -r 
>>> print 1: type 1
>>> print 2: type 2
>>> repeats
>>> Begin computation
Python command line: main.py example.txt -s 1 -1 -2 -r 
>>> print 1: type 1
>>> print 2: type 2
>>> repeats
>>> Begin computation
Python command line: main.py example.txt -s 1 -1 -2 -r 
>>> print 1: type 1
>>> print 2: type 2
>>> repeats
>>> Begin computation
Python command line: main.py example.txt -s 1 -1 -2 -r 
>>> print 1: type 1
>>> print 2: type 2
>>> repeats
>>> Begin computation
Python command line: main.py example.txt -s 1 -1 -2 -r 
>>> print 1: type 1
>>> print 2: type 2
>>> repeats
>>> Begin computation
Python command line: main.py example.txt -s 1 -1 -2 -r 
>>> print 1: type 1
>>> print 2: type 2
>>> repeats
>>> Begin computation
Python command line: main.py example.txt -s 1 -1 -2 -r 
>>> print 1: type 1
>>> print 2: type 2
>>> repeats
>>> Begin computation
Python command line: main.py example.txt -s 1 -1 -2 -r 
>>> print 1: type 1
>>> print 2: type 2
>>> repeats
>>> Begin computation
Python command line: main.py example.txt -s 1 -1 -2 -r 
>>> print 1: type 1
>>> print 2: type 2
>>> repeats
>>> Begin computation
Python command line: main.py example.txt -s 1 -1 -2 -r 
>>> print 1: type 1
>>> print 2: type 2
>>> repeats
>>> Begin computation
Python command line: main.py example.txt -s 1 -1 -2 -r 
>>> print 1: type 1
>>> print 2: type 2
>>> repeats
>>> Begin computation
Python command line: main.py example.txt -s 1 -1 -2 -ps 
>>> print 1: type 1
>>> print 2: type 2
>>> position and size
>>> Begin computation
Python command line: main.py example.txt -s 1 -1 -2 -si 
>>> print 1: type 1
>>> print 2: type 2
>>> position and size
>>> Begin computation
Python command line: main.py example.txt -s 1 -1 -2 -si 
>>> print 1: type 1
>>> print 2: type 2
>>> position and size
>>> Begin computation
Python command line: main.py example.txt -s 1 -1 -2 -si 
>>> print 1: type 1
>>> print 2: type 2
>>> position and size
>>> Begin computation
Python command line: main.py example.txt -s 1 -1 -2 -si 
>>> print 1: type 1
>>> print 2: type 2
>>> position and size
>>> Begin computation
Python command line: main.py example.txt -s 1 -1 -2 -r 
>>> print 1: type 1
>>> print 2: type 2
>>> repeats
>>> Begin computation
Python command line: main.py example.txt -s 1 -1 -2 -r 
>>> print 1: type 1
>>> print 2: type 2
>>> repeats
>>> Begin computation
Python command line: main.py example.txt -s 1 -1 -2 -r 
>>> print 1: type 1
>>> print 2: type 2
>>> repeats
>>> Begin computation
Python command line: main.py example.txt -s 1 -1 -2 -r 
>>> print 1: type 1
>>> print 2: type 2
>>> repeats
>>> Begin computation
Python command line: main.py example.txt -s 1 -1 -2 -r 
>>> print 1: type 1
>>> print 2: type 2
>>> repeats
>>> Begin computation
Python command line: main.py example.txt -s 1 -1 -2 -r 
>>> print 1: type 1
>>> print 2: type 2
>>> repeats
>>> Begin computation
Python command line: main.py example.txt -s 1 -1 -2 -r 
>>> print 1: type 1
>>> print 2: type 2
>>> repeats
>>> Begin computation
Python command line: main.py example.txt -s 1 -1 -2 -si 
>>> print 1: type 1
>>> print 2: type 2
>>> position and size
>>> Begin computation
Python command line: main.py example.txt -s 1 -1 -2 -si 
>>> print 1: type 1
>>> print 2: type 2
>>> position and size
>>> Begin computation
Python command line: main.py example.txt -s 1 -1 -2 -si 
>>> print 1: type 1
>>> print 2: type 2
>>> position and size
>>> Begin computation
Python command line: main.py example.txt -s 1 -1 -2 -si 
>>> print 1: type 1
>>> print 2: type 2
>>> position and size
>>> Begin computation
Python command line: main.py example.txt -s 1 -1 -2 -si 
>>> print 1: type 1
>>> print 2: type 2
>>> position and size
>>> Begin computation
Python command line: main.py example.txt -s 1 -1 -2 -si 
>>> print 1: type 1
>>> print 2: type 2
>>> position and size
>>> Begin computation
Python command line: main.py example.txt -s 1 -1 -2 -r 
>>> print 1: type 1
>>> print 2: type 2
>>> repeats
>>> Begin computation
Python command line: main.py example.txt -s 1 -1 -2 -r 
>>> print 1: type 1
>>> print 2: type 2
>>> repeats
>>> Begin computation
Python command line: main.py example.txt -s 1 -1 -2 -si 
>>> print 1: type 1
>>> print 2: type 2
>>> position and size
>>> Begin computation
Python command line: main.py example.txt -s 1 -1 -2 -si 
>>> print 1: type 1
>>> print 2: type 2
>>> position and size
>>> Begin computation
Python command line: main.py example.txt -s 1 -1 -2 -si 
>>> print 1: type 1
>>> print 2: type 2
>>> position and size
>>> Begin computation
Python command line: main.py example.txt -s 1 -1 -2 -r 
>>> print 1: type 1
>>> print 2: type 2
>>> repeats
>>> Begin computation
Python command line: main.py example.txt -s 1 -1 -2 -r 
>>> print 1: type 1
>>> print 2: type 2
>>> repeats
>>> Begin computation
Python command line: main.py example.txt -s 1 -1 -2 -r 
>>> print 1: type 1
>>> print 2: type 2
>>> repeats
>>> Begin computation
Python command line: main.py example.txt -s 1 -1 -2 -r 
>>> print 1: type 1
>>> print 2: type 2
>>> repeats
>>> Begin computation
Python command line: main.py example.txt -s 1 -1 -2 -r 
>>> print 1: type 1
>>> print 2: type 2
>>> repeats
>>> Begin computation
Python command line: main.py example.txt -s 1 -1 -2 -r 
>>> print 1: type 1
>>> print 2: type 2
>>> repeats
>>> Begin computation
Python command line: main.py example.txt -s 1 -1 -2 -r 
>>> print 1: type 1
>>> print 2: type 2
>>> repeats
>>> Begin computation
Python command line: main.py example.txt -s 1 -1 -2 -si 
>>> print 1: type 1
>>> print 2: type 2
>>> position and size
>>> Begin computation
Python command line: main.py example.txt -s 1 -1 -2 -r 
>>> print 1: type 1
>>> print 2: type 2
>>> repeats
>>> Begin computation
Python command line: main.py example.txt -s 1 -1 -2 -r 
>>> print 1: type 1
>>> print 2: type 2
>>> repeats
>>> Begin computation
Python command line: main.py example.txt -s 1 -1 -2 -r 
>>> print 1: type 1
>>> print 2: type 2
>>> repeats
>>> Begin computation
Python command line: main.py example.txt -s 1 -1 -2 -si 
>>> print 1: type 1
>>> print 2: type 2
>>> position and size
>>> Begin computation
Python command line: main.py example.txt -s 1 -1 -r 
>>> print 1: type 1
>>> repeats
>>> Begin computation
Python command line: main.py example.txt -s 1 -1 -r 
>>> print 1: type 1
>>> repeats
>>> Begin computation
Python command line: main.py example.txt -s 1 -1 -r 
>>> print 1: type 1
>>> repeats
>>> Begin computation
Python command line: main.py example.txt -s 1 -1 -r 
>>> print 1: type 1
>>> repeats
>>> Begin computation
Python command line: main.py example.txt -s 1 -1 -r -p 
>>> print 1: type 1
>>> repeats
>>> Begin computation
Python command line: main.py example.txt -s 1 -1 -r -p 
>>> print 1: type 1
>>> repeats
>>> Begin computation
Python command line: main.py example.txt -s 1 -1 -r -p 
>>> print 1: type 1
>>> repeats
>>> Begin computation
Python command line: main.py example.txt -s 1 -1 -r -si 
>>> print 1: type 1
>>> position and size
>>> Begin computation
Python command line: main.py example.txt -s 1 -1 -si -p 
>>> print 1: type 1
>>> position and size
>>> Begin computation
Python command line: main.py example.txt -s 1 -1 -si -p 
>>> print 1: type 1
>>> position and size
>>> Begin computation
Python command line: main.py example.txt -s 1 -1 -si -p 
>>> print 1: type 1
>>> position and size
>>> Begin computation
Python command line: main.py example.txt -s 1 -1 -2 -si -p 
>>> print 1: type 1
>>> print 2: type 2
>>> position and size
>>> Begin computation
Python command line: main.py example.txt -s 1 -1 -2 -si -p 
>>> print 1: type 1
>>> print 2: type 2
>>> position and size
>>> Begin computation
Python command line: main.py example.txt -s 1 -1 -2 -si -p 
>>> print 1: type 1
>>> print 2: type 2
>>> position and size
>>> Begin computation
Python command line: main.py example.txt -s 1 -1 -2 -si -p 
>>> print 1: type 1
>>> print 2: type 2
>>> position and size
>>> Begin computation
Python command line: main.py example.txt -s 1 -1 -r -si --print 
>>> print 1: type 1
>>> position and size
>>> Begin computation
Python command line: main.py example.txt -s 1 -1 -r -si --print 
>>> print 1: type 1
>>> position and size
>>> Begin computation
Python command line: main.py example.txt -s 1 -1 -r -si --print 
>>> print 1: type 1
>>> position and size
>>> Begin computation
Python command line: main.py example.txt -s 1 -1 -r -si --print 
>>> print 1: type 1
>>> position and size
>>> Begin computation
Python command line: main.py example.txt -s 1 -1 -r -si --print 
>>> print 1: type 1
>>> position and size
>>> Begin computation
Python command line: main.py example.txt -s 1 -1 -2 -r -si --print 
>>> print 1: type 1
>>> print 2: type 2
>>> position and size
>>> Begin computation
Python command line: main.py example.txt -s 1 -1 -2 -r -si --print 
>>> print 1: type 1
>>> print 2: type 2
>>> position and size
>>> Begin computation
Python command line: main.py example.txt -s 1 -1 -2 -r -si --print 
>>> print 1: type 1
>>> print 2: type 2
>>> position and size
>>> Begin computation
Python command line: main.py example.txt -s 1 -1 -2 -r -si --print 
>>> print 1: type 1
>>> print 2: type 2
>>> position and size
>>> Begin computation
Python command line: main.py example.txt -s 1 -1 -2 -r -si --print 
>>> print 1: type 1
>>> print 2: type 2
>>> position and size
>>> Begin computation
Python command line: main.py example.txt -s 1 -1 -2 -r -si --print 
>>> print 1: type 1
>>> print 2: type 2
>>> position and size
>>> Begin computation
Python command line: main.py example.txt -s 1 -1 -2 -r -si --print 
>>> print 1: type 1
>>> print 2: type 2
>>> position and size
>>> Begin computation
Python command line: main.py example.txt -s 1 -1 -2 -r -si --print 
>>> print 1: type 1
>>> print 2: type 2
>>> position and size
>>> Begin computation
Python command line: main.py example.txt -s 1 -1 -2 -r -si --print 
>>> print 1: type 1
>>> print 2: type 2
>>> position and size
>>> Begin computation
Python command line: main.py example.txt -s 1 -1 -2 -r -si --print 
>>> print 1: type 1
>>> print 2: type 2
>>> position and size
>>> Begin computation
Python command line: main.py example.txt -s 1 -1 -2 -r -si --print 
>>> print 1: type 1
>>> print 2: type 2
>>> position and size
>>> Begin computation
Python command line: main.py example.txt -s 1 -1 -2 -r -r --print 
>>> print 1: type 1
>>> print 2: type 2
>>> repeats
>>> Begin computation
Python command line: main.py example.txt -s 1 -1 -2 -r -r --print 
>>> print 1: type 1
>>> print 2: type 2
>>> repeats
>>> Begin computation
Python command line: main.py example.txt -s 1 -1 -2 -r -r --print 
>>> print 1: type 1
>>> print 2: type 2
>>> repeats
>>> Begin computation
Python command line: main.py example.txt -s 1 -1 -2 -r -r --print 
>>> print 1: type 1
>>> print 2: type 2
>>> repeats
>>> Begin computation
Python command line: main.py example.txt -s 1 -1 -2 -si --print 
>>> print 1: type 1
>>> print 2: type 2
>>> position and size
>>> Begin computation
Python command line: main.py example.txt -s 1 -1 -2 -r --print 
>>> print 1: type 1
>>> print 2: type 2
>>> repeats
>>> Begin computation
Python command line: main.py example.txt -s 1 -1 -2 -r --print 
>>> print 1: type 1
>>> print 2: type 2
>>> repeats
>>> Begin computation
Python command line: main.py example.txt -s 1 -1 -2 -r --print 
>>> print 1: type 1
>>> print 2: type 2
>>> repeats
>>> Begin computation
Python command line: main.py example.txt -s 1 -1 -2 -r --print 
>>> print 1: type 1
>>> print 2: type 2
>>> repeats
>>> Begin computation
Python command line: main.py example.txt -s 1 -1 -2 -r --print 
>>> print 1: type 1
>>> print 2: type 2
>>> repeats
>>> Begin computation
Python command line: main.py example.txt -s 1 -1 -2 -r --print 
>>> print 1: type 1
>>> print 2: type 2
>>> repeats
>>> Begin computation
Python command line: main.py example.txt -s 1 -1 -2 -r --print 
>>> print 1: type 1
>>> print 2: type 2
>>> repeats
>>> Begin computation
Python command line: main.py example.txt -s 1 -1 -2 -r --print 
>>> print 1: type 1
>>> print 2: type 2
>>> repeats
>>> Begin computation
Python command line: main.py example.txt -s 1 -1 -2 -r --print 
>>> print 1: type 1
>>> print 2: type 2
>>> repeats
>>> Begin computation
Python command line: main.py example.txt -s 1 -1 -2 -r --print 
>>> print 1: type 1
>>> print 2: type 2
>>> repeats
>>> Begin computation
Python command line: main.py example.txt -s 1 -1 -2 -r --print 
>>> print 1: type 1
>>> print 2: type 2
>>> repeats
>>> Begin computation
Python command line: main.py example.txt -s 1 -1 -2 -r --print 
>>> print 1: type 1
>>> print 2: type 2
>>> repeats
>>> Begin computation
Python command line: main.py example.txt -s 1 -1 -2 -r --print 
>>> print 1: type 1
>>> print 2: type 2
>>> repeats
>>> Begin computation
Python command line: main.py example.txt -s 1 -1 -2 -r --print 
>>> print 1: type 1
>>> print 2: type 2
>>> repeats
>>> Begin computation
Python command line: main.py example.txt -s 1 -1 -2 -r --print 
>>> print 1: type 1
>>> print 2: type 2
>>> repeats
>>> Begin computation
Python command line: main.py example.txt -s 1 -1 -2 -r --print 
>>> print 1: type 1
>>> print 2: type 2
>>> repeats
>>> Begin computation
Python command line: main.py example.txt -s 1 -1 -2 -r --print 
>>> print 1: type 1
>>> print 2: type 2
>>> repeats
>>> Begin computation
Python command line: main.py example.txt -s 1 -1 -2 -r --print 
>>> print 1: type 1
>>> print 2: type 2
>>> repeats
